<?xml version="1.0" encoding="UTF-8" ?>
<testsuite tests="5" failures="2" name="TestSuite" time="1.291" errors="0" skipped="0">
  <properties>
[...]
</properties>
  <testcase classname="API.APITest" name="getWeatherInfo" time="0.989"/>
  <testcase classname="API.APITest" name="putTemperature" time="0.173"/>
  <testcase classname="API.APITest" name="putWeatherCondition" time="0.119"/>
  <testcase classname="UI.UITest" name="placeholderTest" time="0.01">
    <failure message="Cannot invoke &quot;org.openqa.selenium.WebDriver.get(String)&quot; because &quot;this.webdriver&quot; is null" type="java.lang.NullPointerException">java.lang.NullPointerException: Cannot invoke &quot;org.openqa.selenium.WebDriver.get(String)&quot; because &quot;this.webdriver&quot; is null
	at UI.UITest.placeholderTest(UITest.java:14)
</failure>
  </testcase>
  <testcase classname="UI.UITest" name="searchSydneyTest" time="0">
    <failure message="Cannot invoke &quot;org.openqa.selenium.WebDriver.get(String)&quot; because &quot;this.webdriver&quot; is null" type="java.lang.NullPointerException">java.lang.NullPointerException: Cannot invoke &quot;org.openqa.selenium.WebDriver.get(String)&quot; because &quot;this.webdriver&quot; is null
	at UI.UITest.searchSydneyTest(UITest.java:21)
</failure>
  </testcase>
</testsuite>