<?xml version="1.0" encoding="UTF-8"?>
<!-- Generated by org.testng.reporters.JUnitXMLReporter -->
<testsuite ignored="2" hostname="DESKTOP-4UV4EN7" failures="2" tests="5" name="Command line test" time="4.582" errors="0" timestamp="2022-10-11T16:14:34 CEST">
  <testcase classname="API.APITest" name="getWeatherInfo" time="0.988"/>
  <testcase classname="API.APITest" name="putTemperature" time="0.173"/>
  <testcase classname="API.APITest" name="putWeatherCondition" time="0.117"/>
  <testcase classname="UI.UITest" name="placeholderTest" time="0.0">
    <failure type="java.lang.NullPointerException" message="Cannot invoke &amp;quot;org.openqa.selenium.WebDriver.get(String)&amp;quot; because &amp;quot;this.webdriver&amp;quot; is null">
      <![CDATA[java.lang.NullPointerException: Cannot invoke "org.openqa.selenium.WebDriver.get(String)" because "this.webdriver" is null
at UI.UITest.placeholderTest(UITest.java:14)
at java.base/java.util.ArrayList.forEach(ArrayList.java:1511)
... Removed 37 stack frames]]>
    </failure>
  </testcase> <!-- placeholderTest -->
  <testcase classname="UI.UITest" name="searchSydneyTest" time="0.0">
    <failure type="java.lang.NullPointerException" message="Cannot invoke &amp;quot;org.openqa.selenium.WebDriver.get(String)&amp;quot; because &amp;quot;this.webdriver&amp;quot; is null">
      <![CDATA[java.lang.NullPointerException: Cannot invoke "org.openqa.selenium.WebDriver.get(String)" because "this.webdriver" is null
at UI.UITest.searchSydneyTest(UITest.java:21)
at java.base/java.util.ArrayList.forEach(ArrayList.java:1511)
... Removed 37 stack frames]]>
    </failure>
  </testcase> <!-- searchSydneyTest -->
  <testcase classname="UI.BaseTest" name="@BeforeTest setup" time="0.0">
    <ignored/>
  </testcase> <!-- @BeforeTest setup -->
  <testcase classname="UI.BaseTest" name="@AfterTest teardown" time="0.0">
    <ignored/>
  </testcase> <!-- @AfterTest teardown -->
</testsuite> <!-- Command line test -->
